2012/09/14 01:53:39 [error] [exception.CHttpException.403] exception 'CHttpException' with message '您没有被授权执行该操作。' in /Applications/XAMPP/xamppfiles/htdocs/erp.kamlen.com/erp/protected/modules/rights/components/RController.php:62
Stack trace:
#0 /Applications/XAMPP/xamppfiles/htdocs/erp.kamlen.com/erp/protected/modules/rights/components/RightsFilter.php(57): RController->accessDenied()
#1 /Applications/XAMPP/xamppfiles/htdocs/erp.kamlen.com/yii/framework/web/filters/CFilter.php(39): RightsFilter->preFilter(Object(CFilterChain))
#2 /Applications/XAMPP/xamppfiles/htdocs/erp.kamlen.com/erp/protected/modules/rights/components/RController.php(36): CFilter->filter(Object(CFilterChain))
#3 /Applications/XAMPP/xamppfiles/htdocs/erp.kamlen.com/yii/framework/web/filters/CInlineFilter.php(59): RController->filterRights(Object(CFilterChain))
#4 /Applications/XAMPP/xamppfiles/htdocs/erp.kamlen.com/yii/framework/web/filters/CFilterChain.php(131): CInlineFilter->filter(Object(CFilterChain))
#5 /Applications/XAMPP/xamppfiles/htdocs/erp.kamlen.com/yii/framework/web/CController.php(292): CFilterChain->run()
#6 /Applications/XAMPP/xamppfiles/htdocs/erp.kamlen.com/yii/framework/web/CController.php(266): CController->runActionWithFilters(Object(CInlineAction), Array)
#7 /Applications/XAMPP/xamppfiles/htdocs/erp.kamlen.com/yii/framework/web/CWebApplication.php(283): CController->run('')
#8 /Applications/XAMPP/xamppfiles/htdocs/erp.kamlen.com/yii/framework/web/CWebApplication.php(142): CWebApplication->runController('')
#9 /Applications/XAMPP/xamppfiles/htdocs/erp.kamlen.com/yii/framework/base/CApplication.php(162): CWebApplication->processRequest()
#10 /Applications/XAMPP/xamppfiles/htdocs/erp.kamlen.com/erp/index.php(13): CApplication->run()
#11 {main}
REQUEST_URI=/
HTTP_REFERER=http://erp.kamlen.com/
---
2012/09/14 01:53:39 [error] [exception.CHttpException.403] exception 'CHttpException' with message '您没有被授权执行该操作。' in /Applications/XAMPP/xamppfiles/htdocs/erp.kamlen.com/erp/protected/modules/rights/components/RController.php:62
Stack trace:
#0 /Applications/XAMPP/xamppfiles/htdocs/erp.kamlen.com/erp/protected/modules/rights/components/RightsFilter.php(57): RController->accessDenied()
#1 /Applications/XAMPP/xamppfiles/htdocs/erp.kamlen.com/yii/framework/web/filters/CFilter.php(39): RightsFilter->preFilter(Object(CFilterChain))
#2 /Applications/XAMPP/xamppfiles/htdocs/erp.kamlen.com/erp/protected/modules/rights/components/RController.php(36): CFilter->filter(Object(CFilterChain))
#3 /Applications/XAMPP/xamppfiles/htdocs/erp.kamlen.com/yii/framework/web/filters/CInlineFilter.php(59): RController->filterRights(Object(CFilterChain))
#4 /Applications/XAMPP/xamppfiles/htdocs/erp.kamlen.com/yii/framework/web/filters/CFilterChain.php(131): CInlineFilter->filter(Object(CFilterChain))
#5 /Applications/XAMPP/xamppfiles/htdocs/erp.kamlen.com/yii/framework/web/CController.php(292): CFilterChain->run()
#6 /Applications/XAMPP/xamppfiles/htdocs/erp.kamlen.com/yii/framework/web/CController.php(266): CController->runActionWithFilters(Object(CInlineAction), Array)
#7 /Applications/XAMPP/xamppfiles/htdocs/erp.kamlen.com/yii/framework/web/CWebApplication.php(283): CController->run('')
#8 /Applications/XAMPP/xamppfiles/htdocs/erp.kamlen.com/yii/framework/web/CWebApplication.php(142): CWebApplication->runController('')
#9 /Applications/XAMPP/xamppfiles/htdocs/erp.kamlen.com/yii/framework/base/CApplication.php(162): CWebApplication->processRequest()
#10 /Applications/XAMPP/xamppfiles/htdocs/erp.kamlen.com/erp/index.php(13): CApplication->run()
#11 {main}
REQUEST_URI=/
HTTP_REFERER=http://erp.kamlen.com/
---
2012/09/14 01:53:39 [error] [exception.CHttpException.404] exception 'CHttpException' with message '无法解析请求 "favicon.ico"。' in /Applications/XAMPP/xamppfiles/htdocs/erp.kamlen.com/yii/framework/web/CWebApplication.php:287
Stack trace:
#0 /Applications/XAMPP/xamppfiles/htdocs/erp.kamlen.com/yii/framework/web/CWebApplication.php(142): CWebApplication->runController('favicon.ico')
#1 /Applications/XAMPP/xamppfiles/htdocs/erp.kamlen.com/yii/framework/base/CApplication.php(162): CWebApplication->processRequest()
#2 /Applications/XAMPP/xamppfiles/htdocs/erp.kamlen.com/erp/index.php(13): CApplication->run()
#3 {main}
REQUEST_URI=/favicon.ico
---
2012/09/14 01:53:39 [error] [exception.CHttpException.404] exception 'CHttpException' with message '无法解析请求 "favicon.ico"。' in /Applications/XAMPP/xamppfiles/htdocs/erp.kamlen.com/yii/framework/web/CWebApplication.php:287
Stack trace:
#0 /Applications/XAMPP/xamppfiles/htdocs/erp.kamlen.com/yii/framework/web/CWebApplication.php(142): CWebApplication->runController('favicon.ico')
#1 /Applications/XAMPP/xamppfiles/htdocs/erp.kamlen.com/yii/framework/base/CApplication.php(162): CWebApplication->processRequest()
#2 /Applications/XAMPP/xamppfiles/htdocs/erp.kamlen.com/erp/index.php(13): CApplication->run()
#3 {main}
REQUEST_URI=/favicon.ico
---
2012/09/14 01:53:43 [error] [exception.CHttpException.404] exception 'CHttpException' with message '无法解析请求 "favicon.ico"。' in /Applications/XAMPP/xamppfiles/htdocs/erp.kamlen.com/yii/framework/web/CWebApplication.php:287
Stack trace:
#0 /Applications/XAMPP/xamppfiles/htdocs/erp.kamlen.com/yii/framework/web/CWebApplication.php(142): CWebApplication->runController('favicon.ico')
#1 /Applications/XAMPP/xamppfiles/htdocs/erp.kamlen.com/yii/framework/base/CApplication.php(162): CWebApplication->processRequest()
#2 /Applications/XAMPP/xamppfiles/htdocs/erp.kamlen.com/erp/index.php(13): CApplication->run()
#3 {main}
REQUEST_URI=/favicon.ico
---
2012/09/14 01:53:45 [error] [exception.CHttpException.403] exception 'CHttpException' with message '您没有被授权执行该操作。' in /Applications/XAMPP/xamppfiles/htdocs/erp.kamlen.com/erp/protected/modules/rights/components/RController.php:62
Stack trace:
#0 /Applications/XAMPP/xamppfiles/htdocs/erp.kamlen.com/erp/protected/modules/rights/components/RightsFilter.php(57): RController->accessDenied()
#1 /Applications/XAMPP/xamppfiles/htdocs/erp.kamlen.com/yii/framework/web/filters/CFilter.php(39): RightsFilter->preFilter(Object(CFilterChain))
#2 /Applications/XAMPP/xamppfiles/htdocs/erp.kamlen.com/erp/protected/modules/rights/components/RController.php(36): CFilter->filter(Object(CFilterChain))
#3 /Applications/XAMPP/xamppfiles/htdocs/erp.kamlen.com/yii/framework/web/filters/CInlineFilter.php(59): RController->filterRights(Object(CFilterChain))
#4 /Applications/XAMPP/xamppfiles/htdocs/erp.kamlen.com/yii/framework/web/filters/CFilterChain.php(131): CInlineFilter->filter(Object(CFilterChain))
#5 /Applications/XAMPP/xamppfiles/htdocs/erp.kamlen.com/yii/framework/web/CController.php(292): CFilterChain->run()
#6 /Applications/XAMPP/xamppfiles/htdocs/erp.kamlen.com/yii/framework/web/CController.php(266): CController->runActionWithFilters(Object(CInlineAction), Array)
#7 /Applications/XAMPP/xamppfiles/htdocs/erp.kamlen.com/yii/framework/web/CWebApplication.php(283): CController->run('')
#8 /Applications/XAMPP/xamppfiles/htdocs/erp.kamlen.com/yii/framework/web/CWebApplication.php(142): CWebApplication->runController('')
#9 /Applications/XAMPP/xamppfiles/htdocs/erp.kamlen.com/yii/framework/base/CApplication.php(162): CWebApplication->processRequest()
#10 /Applications/XAMPP/xamppfiles/htdocs/erp.kamlen.com/erp/index.php(13): CApplication->run()
#11 {main}
REQUEST_URI=/
HTTP_REFERER=http://erp.kamlen.com/
---
2012/09/14 01:53:45 [error] [exception.CHttpException.404] exception 'CHttpException' with message '无法解析请求 "favicon.ico"。' in /Applications/XAMPP/xamppfiles/htdocs/erp.kamlen.com/yii/framework/web/CWebApplication.php:287
Stack trace:
#0 /Applications/XAMPP/xamppfiles/htdocs/erp.kamlen.com/yii/framework/web/CWebApplication.php(142): CWebApplication->runController('favicon.ico')
#1 /Applications/XAMPP/xamppfiles/htdocs/erp.kamlen.com/yii/framework/base/CApplication.php(162): CWebApplication->processRequest()
#2 /Applications/XAMPP/xamppfiles/htdocs/erp.kamlen.com/erp/index.php(13): CApplication->run()
#3 {main}
REQUEST_URI=/favicon.ico
---
2012/09/14 01:53:49 [error] [exception.CHttpException.404] exception 'CHttpException' with message '无法解析请求 "favicon.ico"。' in /Applications/XAMPP/xamppfiles/htdocs/erp.kamlen.com/yii/framework/web/CWebApplication.php:287
Stack trace:
#0 /Applications/XAMPP/xamppfiles/htdocs/erp.kamlen.com/yii/framework/web/CWebApplication.php(142): CWebApplication->runController('favicon.ico')
#1 /Applications/XAMPP/xamppfiles/htdocs/erp.kamlen.com/yii/framework/base/CApplication.php(162): CWebApplication->processRequest()
#2 /Applications/XAMPP/xamppfiles/htdocs/erp.kamlen.com/erp/index.php(13): CApplication->run()
#3 {main}
REQUEST_URI=/favicon.ico
---
2012/09/14 01:53:53 [error] [exception.CHttpException.403] exception 'CHttpException' with message '您没有被授权执行该操作。' in /Applications/XAMPP/xamppfiles/htdocs/erp.kamlen.com/erp/protected/modules/rights/components/RController.php:62
Stack trace:
#0 /Applications/XAMPP/xamppfiles/htdocs/erp.kamlen.com/erp/protected/modules/rights/components/RightsFilter.php(57): RController->accessDenied()
#1 /Applications/XAMPP/xamppfiles/htdocs/erp.kamlen.com/yii/framework/web/filters/CFilter.php(39): RightsFilter->preFilter(Object(CFilterChain))
#2 /Applications/XAMPP/xamppfiles/htdocs/erp.kamlen.com/erp/protected/modules/rights/components/RController.php(36): CFilter->filter(Object(CFilterChain))
#3 /Applications/XAMPP/xamppfiles/htdocs/erp.kamlen.com/yii/framework/web/filters/CInlineFilter.php(59): RController->filterRights(Object(CFilterChain))
#4 /Applications/XAMPP/xamppfiles/htdocs/erp.kamlen.com/yii/framework/web/filters/CFilterChain.php(131): CInlineFilter->filter(Object(CFilterChain))
#5 /Applications/XAMPP/xamppfiles/htdocs/erp.kamlen.com/yii/framework/web/CController.php(292): CFilterChain->run()
#6 /Applications/XAMPP/xamppfiles/htdocs/erp.kamlen.com/yii/framework/web/CController.php(266): CController->runActionWithFilters(Object(CInlineAction), Array)
#7 /Applications/XAMPP/xamppfiles/htdocs/erp.kamlen.com/yii/framework/web/CWebApplication.php(283): CController->run('')
#8 /Applications/XAMPP/xamppfiles/htdocs/erp.kamlen.com/yii/framework/web/CWebApplication.php(142): CWebApplication->runController('')
#9 /Applications/XAMPP/xamppfiles/htdocs/erp.kamlen.com/yii/framework/base/CApplication.php(162): CWebApplication->processRequest()
#10 /Applications/XAMPP/xamppfiles/htdocs/erp.kamlen.com/erp/index.php(13): CApplication->run()
#11 {main}
REQUEST_URI=/
HTTP_REFERER=http://erp.kamlen.com/user/changePassword/2
---
2012/09/14 01:53:53 [error] [exception.CHttpException.404] exception 'CHttpException' with message '无法解析请求 "favicon.ico"。' in /Applications/XAMPP/xamppfiles/htdocs/erp.kamlen.com/yii/framework/web/CWebApplication.php:287
Stack trace:
#0 /Applications/XAMPP/xamppfiles/htdocs/erp.kamlen.com/yii/framework/web/CWebApplication.php(142): CWebApplication->runController('favicon.ico')
#1 /Applications/XAMPP/xamppfiles/htdocs/erp.kamlen.com/yii/framework/base/CApplication.php(162): CWebApplication->processRequest()
#2 /Applications/XAMPP/xamppfiles/htdocs/erp.kamlen.com/erp/index.php(13): CApplication->run()
#3 {main}
REQUEST_URI=/favicon.ico
---
2012/09/14 01:53:57 [error] [exception.CHttpException.404] exception 'CHttpException' with message '无法解析请求 "favicon.ico"。' in /Applications/XAMPP/xamppfiles/htdocs/erp.kamlen.com/yii/framework/web/CWebApplication.php:287
Stack trace:
#0 /Applications/XAMPP/xamppfiles/htdocs/erp.kamlen.com/yii/framework/web/CWebApplication.php(142): CWebApplication->runController('favicon.ico')
#1 /Applications/XAMPP/xamppfiles/htdocs/erp.kamlen.com/yii/framework/base/CApplication.php(162): CWebApplication->processRequest()
#2 /Applications/XAMPP/xamppfiles/htdocs/erp.kamlen.com/erp/index.php(13): CApplication->run()
#3 {main}
REQUEST_URI=/favicon.ico
---
2012/09/14 01:53:59 [error] [exception.CHttpException.404] exception 'CHttpException' with message '无法解析请求 "favicon.ico"。' in /Applications/XAMPP/xamppfiles/htdocs/erp.kamlen.com/yii/framework/web/CWebApplication.php:287
Stack trace:
#0 /Applications/XAMPP/xamppfiles/htdocs/erp.kamlen.com/yii/framework/web/CWebApplication.php(142): CWebApplication->runController('favicon.ico')
#1 /Applications/XAMPP/xamppfiles/htdocs/erp.kamlen.com/yii/framework/base/CApplication.php(162): CWebApplication->processRequest()
#2 /Applications/XAMPP/xamppfiles/htdocs/erp.kamlen.com/erp/index.php(13): CApplication->run()
#3 {main}
REQUEST_URI=/favicon.ico
---
2012/09/14 01:54:09 [error] [exception.CHttpException.404] exception 'CHttpException' with message '无法解析请求 "favicon.ico"。' in /Applications/XAMPP/xamppfiles/htdocs/erp.kamlen.com/yii/framework/web/CWebApplication.php:287
Stack trace:
#0 /Applications/XAMPP/xamppfiles/htdocs/erp.kamlen.com/yii/framework/web/CWebApplication.php(142): CWebApplication->runController('favicon.ico')
#1 /Applications/XAMPP/xamppfiles/htdocs/erp.kamlen.com/yii/framework/base/CApplication.php(162): CWebApplication->processRequest()
#2 /Applications/XAMPP/xamppfiles/htdocs/erp.kamlen.com/erp/index.php(13): CApplication->run()
#3 {main}
REQUEST_URI=/favicon.ico
---
2012/09/14 01:54:12 [error] [exception.CHttpException.404] exception 'CHttpException' with message '无法解析请求 "favicon.ico"。' in /Applications/XAMPP/xamppfiles/htdocs/erp.kamlen.com/yii/framework/web/CWebApplication.php:287
Stack trace:
#0 /Applications/XAMPP/xamppfiles/htdocs/erp.kamlen.com/yii/framework/web/CWebApplication.php(142): CWebApplication->runController('favicon.ico')
#1 /Applications/XAMPP/xamppfiles/htdocs/erp.kamlen.com/yii/framework/base/CApplication.php(162): CWebApplication->processRequest()
#2 /Applications/XAMPP/xamppfiles/htdocs/erp.kamlen.com/erp/index.php(13): CApplication->run()
#3 {main}
REQUEST_URI=/favicon.ico
---
2012/09/14 01:54:13 [error] [exception.CHttpException.404] exception 'CHttpException' with message '无法解析请求 "favicon.ico"。' in /Applications/XAMPP/xamppfiles/htdocs/erp.kamlen.com/yii/framework/web/CWebApplication.php:287
Stack trace:
#0 /Applications/XAMPP/xamppfiles/htdocs/erp.kamlen.com/yii/framework/web/CWebApplication.php(142): CWebApplication->runController('favicon.ico')
#1 /Applications/XAMPP/xamppfiles/htdocs/erp.kamlen.com/yii/framework/base/CApplication.php(162): CWebApplication->processRequest()
#2 /Applications/XAMPP/xamppfiles/htdocs/erp.kamlen.com/erp/index.php(13): CApplication->run()
#3 {main}
REQUEST_URI=/favicon.ico
---
2012/09/14 02:25:41 [error] [exception.CHttpException.404] exception 'CHttpException' with message '无法解析请求 "favicon.ico"。' in /Applications/XAMPP/xamppfiles/htdocs/erp.kamlen.com/yii/framework/web/CWebApplication.php:287
Stack trace:
#0 /Applications/XAMPP/xamppfiles/htdocs/erp.kamlen.com/yii/framework/web/CWebApplication.php(142): CWebApplication->runController('favicon.ico')
#1 /Applications/XAMPP/xamppfiles/htdocs/erp.kamlen.com/yii/framework/base/CApplication.php(162): CWebApplication->processRequest()
#2 /Applications/XAMPP/xamppfiles/htdocs/erp.kamlen.com/erp/index.php(13): CApplication->run()
#3 {main}
REQUEST_URI=/favicon.ico
---
2012/09/14 02:25:46 [error] [exception.CHttpException.404] exception 'CHttpException' with message '无法解析请求 "favicon.ico"。' in /Applications/XAMPP/xamppfiles/htdocs/erp.kamlen.com/yii/framework/web/CWebApplication.php:287
Stack trace:
#0 /Applications/XAMPP/xamppfiles/htdocs/erp.kamlen.com/yii/framework/web/CWebApplication.php(142): CWebApplication->runController('favicon.ico')
#1 /Applications/XAMPP/xamppfiles/htdocs/erp.kamlen.com/yii/framework/base/CApplication.php(162): CWebApplication->processRequest()
#2 /Applications/XAMPP/xamppfiles/htdocs/erp.kamlen.com/erp/index.php(13): CApplication->run()
#3 {main}
REQUEST_URI=/favicon.ico
---
2012/09/14 02:26:05 [error] [exception.CHttpException.404] exception 'CHttpException' with message '无法解析请求 "favicon.ico"。' in /Applications/XAMPP/xamppfiles/htdocs/erp.kamlen.com/yii/framework/web/CWebApplication.php:287
Stack trace:
#0 /Applications/XAMPP/xamppfiles/htdocs/erp.kamlen.com/yii/framework/web/CWebApplication.php(142): CWebApplication->runController('favicon.ico')
#1 /Applications/XAMPP/xamppfiles/htdocs/erp.kamlen.com/yii/framework/base/CApplication.php(162): CWebApplication->processRequest()
#2 /Applications/XAMPP/xamppfiles/htdocs/erp.kamlen.com/erp/index.php(13): CApplication->run()
#3 {main}
REQUEST_URI=/favicon.ico
---
2012/09/14 02:26:15 [error] [exception.CHttpException.404] exception 'CHttpException' with message '无法解析请求 "favicon.ico"。' in /Applications/XAMPP/xamppfiles/htdocs/erp.kamlen.com/yii/framework/web/CWebApplication.php:287
Stack trace:
#0 /Applications/XAMPP/xamppfiles/htdocs/erp.kamlen.com/yii/framework/web/CWebApplication.php(142): CWebApplication->runController('favicon.ico')
#1 /Applications/XAMPP/xamppfiles/htdocs/erp.kamlen.com/yii/framework/base/CApplication.php(162): CWebApplication->processRequest()
#2 /Applications/XAMPP/xamppfiles/htdocs/erp.kamlen.com/erp/index.php(13): CApplication->run()
#3 {main}
REQUEST_URI=/favicon.ico
---
2012/09/14 02:26:16 [error] [exception.CHttpException.404] exception 'CHttpException' with message '无法解析请求 "favicon.ico"。' in /Applications/XAMPP/xamppfiles/htdocs/erp.kamlen.com/yii/framework/web/CWebApplication.php:287
Stack trace:
#0 /Applications/XAMPP/xamppfiles/htdocs/erp.kamlen.com/yii/framework/web/CWebApplication.php(142): CWebApplication->runController('favicon.ico')
#1 /Applications/XAMPP/xamppfiles/htdocs/erp.kamlen.com/yii/framework/base/CApplication.php(162): CWebApplication->processRequest()
#2 /Applications/XAMPP/xamppfiles/htdocs/erp.kamlen.com/erp/index.php(13): CApplication->run()
#3 {main}
REQUEST_URI=/favicon.ico
---
2012/09/14 02:26:19 [error] [exception.CHttpException.404] exception 'CHttpException' with message '无法解析请求 "favicon.ico"。' in /Applications/XAMPP/xamppfiles/htdocs/erp.kamlen.com/yii/framework/web/CWebApplication.php:287
Stack trace:
#0 /Applications/XAMPP/xamppfiles/htdocs/erp.kamlen.com/yii/framework/web/CWebApplication.php(142): CWebApplication->runController('favicon.ico')
#1 /Applications/XAMPP/xamppfiles/htdocs/erp.kamlen.com/yii/framework/base/CApplication.php(162): CWebApplication->processRequest()
#2 /Applications/XAMPP/xamppfiles/htdocs/erp.kamlen.com/erp/index.php(13): CApplication->run()
#3 {main}
REQUEST_URI=/favicon.ico
---
2012/09/14 02:26:20 [error] [exception.CHttpException.404] exception 'CHttpException' with message '无法解析请求 "favicon.ico"。' in /Applications/XAMPP/xamppfiles/htdocs/erp.kamlen.com/yii/framework/web/CWebApplication.php:287
Stack trace:
#0 /Applications/XAMPP/xamppfiles/htdocs/erp.kamlen.com/yii/framework/web/CWebApplication.php(142): CWebApplication->runController('favicon.ico')
#1 /Applications/XAMPP/xamppfiles/htdocs/erp.kamlen.com/yii/framework/base/CApplication.php(162): CWebApplication->processRequest()
#2 /Applications/XAMPP/xamppfiles/htdocs/erp.kamlen.com/erp/index.php(13): CApplication->run()
#3 {main}
REQUEST_URI=/favicon.ico
---
2012/09/14 02:26:21 [error] [exception.CHttpException.404] exception 'CHttpException' with message '无法解析请求 "favicon.ico"。' in /Applications/XAMPP/xamppfiles/htdocs/erp.kamlen.com/yii/framework/web/CWebApplication.php:287
Stack trace:
#0 /Applications/XAMPP/xamppfiles/htdocs/erp.kamlen.com/yii/framework/web/CWebApplication.php(142): CWebApplication->runController('favicon.ico')
#1 /Applications/XAMPP/xamppfiles/htdocs/erp.kamlen.com/yii/framework/base/CApplication.php(162): CWebApplication->processRequest()
#2 /Applications/XAMPP/xamppfiles/htdocs/erp.kamlen.com/erp/index.php(13): CApplication->run()
#3 {main}
REQUEST_URI=/favicon.ico
---
2012/09/14 02:26:23 [error] [exception.CHttpException.404] exception 'CHttpException' with message '无法解析请求 "favicon.ico"。' in /Applications/XAMPP/xamppfiles/htdocs/erp.kamlen.com/yii/framework/web/CWebApplication.php:287
Stack trace:
#0 /Applications/XAMPP/xamppfiles/htdocs/erp.kamlen.com/yii/framework/web/CWebApplication.php(142): CWebApplication->runController('favicon.ico')
#1 /Applications/XAMPP/xamppfiles/htdocs/erp.kamlen.com/yii/framework/base/CApplication.php(162): CWebApplication->processRequest()
#2 /Applications/XAMPP/xamppfiles/htdocs/erp.kamlen.com/erp/index.php(13): CApplication->run()
#3 {main}
REQUEST_URI=/favicon.ico
---
2012/09/14 02:26:26 [error] [exception.CHttpException.404] exception 'CHttpException' with message '无法解析请求 "favicon.ico"。' in /Applications/XAMPP/xamppfiles/htdocs/erp.kamlen.com/yii/framework/web/CWebApplication.php:287
Stack trace:
#0 /Applications/XAMPP/xamppfiles/htdocs/erp.kamlen.com/yii/framework/web/CWebApplication.php(142): CWebApplication->runController('favicon.ico')
#1 /Applications/XAMPP/xamppfiles/htdocs/erp.kamlen.com/yii/framework/base/CApplication.php(162): CWebApplication->processRequest()
#2 /Applications/XAMPP/xamppfiles/htdocs/erp.kamlen.com/erp/index.php(13): CApplication->run()
#3 {main}
REQUEST_URI=/favicon.ico
---
2012/09/14 02:26:29 [error] [exception.CHttpException.404] exception 'CHttpException' with message '无法解析请求 "favicon.ico"。' in /Applications/XAMPP/xamppfiles/htdocs/erp.kamlen.com/yii/framework/web/CWebApplication.php:287
Stack trace:
#0 /Applications/XAMPP/xamppfiles/htdocs/erp.kamlen.com/yii/framework/web/CWebApplication.php(142): CWebApplication->runController('favicon.ico')
#1 /Applications/XAMPP/xamppfiles/htdocs/erp.kamlen.com/yii/framework/base/CApplication.php(162): CWebApplication->processRequest()
#2 /Applications/XAMPP/xamppfiles/htdocs/erp.kamlen.com/erp/index.php(13): CApplication->run()
#3 {main}
REQUEST_URI=/favicon.ico
---
2012/09/14 02:26:30 [error] [exception.CHttpException.404] exception 'CHttpException' with message '无法解析请求 "favicon.ico"。' in /Applications/XAMPP/xamppfiles/htdocs/erp.kamlen.com/yii/framework/web/CWebApplication.php:287
Stack trace:
#0 /Applications/XAMPP/xamppfiles/htdocs/erp.kamlen.com/yii/framework/web/CWebApplication.php(142): CWebApplication->runController('favicon.ico')
#1 /Applications/XAMPP/xamppfiles/htdocs/erp.kamlen.com/yii/framework/base/CApplication.php(162): CWebApplication->processRequest()
#2 /Applications/XAMPP/xamppfiles/htdocs/erp.kamlen.com/erp/index.php(13): CApplication->run()
#3 {main}
REQUEST_URI=/favicon.ico
---
2012/09/14 02:26:32 [error] [exception.CHttpException.404] exception 'CHttpException' with message '无法解析请求 "favicon.ico"。' in /Applications/XAMPP/xamppfiles/htdocs/erp.kamlen.com/yii/framework/web/CWebApplication.php:287
Stack trace:
#0 /Applications/XAMPP/xamppfiles/htdocs/erp.kamlen.com/yii/framework/web/CWebApplication.php(142): CWebApplication->runController('favicon.ico')
#1 /Applications/XAMPP/xamppfiles/htdocs/erp.kamlen.com/yii/framework/base/CApplication.php(162): CWebApplication->processRequest()
#2 /Applications/XAMPP/xamppfiles/htdocs/erp.kamlen.com/erp/index.php(13): CApplication->run()
#3 {main}
REQUEST_URI=/favicon.ico
---
2012/09/14 02:26:35 [error] [exception.CHttpException.404] exception 'CHttpException' with message '无法解析请求 "favicon.ico"。' in /Applications/XAMPP/xamppfiles/htdocs/erp.kamlen.com/yii/framework/web/CWebApplication.php:287
Stack trace:
#0 /Applications/XAMPP/xamppfiles/htdocs/erp.kamlen.com/yii/framework/web/CWebApplication.php(142): CWebApplication->runController('favicon.ico')
#1 /Applications/XAMPP/xamppfiles/htdocs/erp.kamlen.com/yii/framework/base/CApplication.php(162): CWebApplication->processRequest()
#2 /Applications/XAMPP/xamppfiles/htdocs/erp.kamlen.com/erp/index.php(13): CApplication->run()
#3 {main}
REQUEST_URI=/favicon.ico
---
2012/09/14 02:27:27 [error] [exception.CHttpException.404] exception 'CHttpException' with message '无法解析请求 "favicon.ico"。' in /Applications/XAMPP/xamppfiles/htdocs/erp.kamlen.com/yii/framework/web/CWebApplication.php:287
Stack trace:
#0 /Applications/XAMPP/xamppfiles/htdocs/erp.kamlen.com/yii/framework/web/CWebApplication.php(142): CWebApplication->runController('favicon.ico')
#1 /Applications/XAMPP/xamppfiles/htdocs/erp.kamlen.com/yii/framework/base/CApplication.php(162): CWebApplication->processRequest()
#2 /Applications/XAMPP/xamppfiles/htdocs/erp.kamlen.com/erp/index.php(13): CApplication->run()
#3 {main}
REQUEST_URI=/favicon.ico
---
2012/09/14 02:27:35 [error] [exception.CHttpException.404] exception 'CHttpException' with message '无法解析请求 "favicon.ico"。' in /Applications/XAMPP/xamppfiles/htdocs/erp.kamlen.com/yii/framework/web/CWebApplication.php:287
Stack trace:
#0 /Applications/XAMPP/xamppfiles/htdocs/erp.kamlen.com/yii/framework/web/CWebApplication.php(142): CWebApplication->runController('favicon.ico')
#1 /Applications/XAMPP/xamppfiles/htdocs/erp.kamlen.com/yii/framework/base/CApplication.php(162): CWebApplication->processRequest()
#2 /Applications/XAMPP/xamppfiles/htdocs/erp.kamlen.com/erp/index.php(13): CApplication->run()
#3 {main}
REQUEST_URI=/favicon.ico
---
2012/09/14 02:27:38 [error] [exception.CHttpException.404] exception 'CHttpException' with message '无法解析请求 "favicon.ico"。' in /Applications/XAMPP/xamppfiles/htdocs/erp.kamlen.com/yii/framework/web/CWebApplication.php:287
Stack trace:
#0 /Applications/XAMPP/xamppfiles/htdocs/erp.kamlen.com/yii/framework/web/CWebApplication.php(142): CWebApplication->runController('favicon.ico')
#1 /Applications/XAMPP/xamppfiles/htdocs/erp.kamlen.com/yii/framework/base/CApplication.php(162): CWebApplication->processRequest()
#2 /Applications/XAMPP/xamppfiles/htdocs/erp.kamlen.com/erp/index.php(13): CApplication->run()
#3 {main}
REQUEST_URI=/favicon.ico
---
2012/09/14 02:27:42 [error] [exception.CHttpException.404] exception 'CHttpException' with message '无法解析请求 "favicon.ico"。' in /Applications/XAMPP/xamppfiles/htdocs/erp.kamlen.com/yii/framework/web/CWebApplication.php:287
Stack trace:
#0 /Applications/XAMPP/xamppfiles/htdocs/erp.kamlen.com/yii/framework/web/CWebApplication.php(142): CWebApplication->runController('favicon.ico')
#1 /Applications/XAMPP/xamppfiles/htdocs/erp.kamlen.com/yii/framework/base/CApplication.php(162): CWebApplication->processRequest()
#2 /Applications/XAMPP/xamppfiles/htdocs/erp.kamlen.com/erp/index.php(13): CApplication->run()
#3 {main}
REQUEST_URI=/favicon.ico
---
2012/09/14 02:27:46 [error] [exception.CHttpException.404] exception 'CHttpException' with message '无法解析请求 "favicon.ico"。' in /Applications/XAMPP/xamppfiles/htdocs/erp.kamlen.com/yii/framework/web/CWebApplication.php:287
Stack trace:
#0 /Applications/XAMPP/xamppfiles/htdocs/erp.kamlen.com/yii/framework/web/CWebApplication.php(142): CWebApplication->runController('favicon.ico')
#1 /Applications/XAMPP/xamppfiles/htdocs/erp.kamlen.com/yii/framework/base/CApplication.php(162): CWebApplication->processRequest()
#2 /Applications/XAMPP/xamppfiles/htdocs/erp.kamlen.com/erp/index.php(13): CApplication->run()
#3 {main}
REQUEST_URI=/favicon.ico
---
2012/09/14 02:27:57 [error] [exception.CHttpException.404] exception 'CHttpException' with message '无法解析请求 "favicon.ico"。' in /Applications/XAMPP/xamppfiles/htdocs/erp.kamlen.com/yii/framework/web/CWebApplication.php:287
Stack trace:
#0 /Applications/XAMPP/xamppfiles/htdocs/erp.kamlen.com/yii/framework/web/CWebApplication.php(142): CWebApplication->runController('favicon.ico')
#1 /Applications/XAMPP/xamppfiles/htdocs/erp.kamlen.com/yii/framework/base/CApplication.php(162): CWebApplication->processRequest()
#2 /Applications/XAMPP/xamppfiles/htdocs/erp.kamlen.com/erp/index.php(13): CApplication->run()
#3 {main}
REQUEST_URI=/favicon.ico
---
2012/09/14 02:27:59 [error] [exception.CHttpException.404] exception 'CHttpException' with message '无法解析请求 "favicon.ico"。' in /Applications/XAMPP/xamppfiles/htdocs/erp.kamlen.com/yii/framework/web/CWebApplication.php:287
Stack trace:
#0 /Applications/XAMPP/xamppfiles/htdocs/erp.kamlen.com/yii/framework/web/CWebApplication.php(142): CWebApplication->runController('favicon.ico')
#1 /Applications/XAMPP/xamppfiles/htdocs/erp.kamlen.com/yii/framework/base/CApplication.php(162): CWebApplication->processRequest()
#2 /Applications/XAMPP/xamppfiles/htdocs/erp.kamlen.com/erp/index.php(13): CApplication->run()
#3 {main}
REQUEST_URI=/favicon.ico
---
2012/09/14 02:27:59 [error] [exception.CHttpException.404] exception 'CHttpException' with message '无法解析请求 "favicon.ico"。' in /Applications/XAMPP/xamppfiles/htdocs/erp.kamlen.com/yii/framework/web/CWebApplication.php:287
Stack trace:
#0 /Applications/XAMPP/xamppfiles/htdocs/erp.kamlen.com/yii/framework/web/CWebApplication.php(142): CWebApplication->runController('favicon.ico')
#1 /Applications/XAMPP/xamppfiles/htdocs/erp.kamlen.com/yii/framework/base/CApplication.php(162): CWebApplication->processRequest()
#2 /Applications/XAMPP/xamppfiles/htdocs/erp.kamlen.com/erp/index.php(13): CApplication->run()
#3 {main}
REQUEST_URI=/favicon.ico
---
2012/09/14 02:28:03 [error] [exception.CHttpException.404] exception 'CHttpException' with message '无法解析请求 "favicon.ico"。' in /Applications/XAMPP/xamppfiles/htdocs/erp.kamlen.com/yii/framework/web/CWebApplication.php:287
Stack trace:
#0 /Applications/XAMPP/xamppfiles/htdocs/erp.kamlen.com/yii/framework/web/CWebApplication.php(142): CWebApplication->runController('favicon.ico')
#1 /Applications/XAMPP/xamppfiles/htdocs/erp.kamlen.com/yii/framework/base/CApplication.php(162): CWebApplication->processRequest()
#2 /Applications/XAMPP/xamppfiles/htdocs/erp.kamlen.com/erp/index.php(13): CApplication->run()
#3 {main}
REQUEST_URI=/favicon.ico
---
2012/09/14 02:28:09 [error] [exception.CHttpException.403] exception 'CHttpException' with message '您没有被授权执行该操作。' in /Applications/XAMPP/xamppfiles/htdocs/erp.kamlen.com/erp/protected/modules/rights/components/RController.php:62
Stack trace:
#0 /Applications/XAMPP/xamppfiles/htdocs/erp.kamlen.com/erp/protected/modules/rights/components/RightsFilter.php(57): RController->accessDenied()
#1 /Applications/XAMPP/xamppfiles/htdocs/erp.kamlen.com/yii/framework/web/filters/CFilter.php(39): RightsFilter->preFilter(Object(CFilterChain))
#2 /Applications/XAMPP/xamppfiles/htdocs/erp.kamlen.com/erp/protected/modules/rights/components/RController.php(36): CFilter->filter(Object(CFilterChain))
#3 /Applications/XAMPP/xamppfiles/htdocs/erp.kamlen.com/yii/framework/web/filters/CInlineFilter.php(59): RController->filterRights(Object(CFilterChain))
#4 /Applications/XAMPP/xamppfiles/htdocs/erp.kamlen.com/yii/framework/web/filters/CFilterChain.php(131): CInlineFilter->filter(Object(CFilterChain))
#5 /Applications/XAMPP/xamppfiles/htdocs/erp.kamlen.com/yii/framework/web/CController.php(292): CFilterChain->run()
#6 /Applications/XAMPP/xamppfiles/htdocs/erp.kamlen.com/yii/framework/web/CController.php(266): CController->runActionWithFilters(Object(CInlineAction), Array)
#7 /Applications/XAMPP/xamppfiles/htdocs/erp.kamlen.com/yii/framework/web/CWebApplication.php(283): CController->run('')
#8 /Applications/XAMPP/xamppfiles/htdocs/erp.kamlen.com/yii/framework/web/CWebApplication.php(142): CWebApplication->runController('')
#9 /Applications/XAMPP/xamppfiles/htdocs/erp.kamlen.com/yii/framework/base/CApplication.php(162): CWebApplication->processRequest()
#10 /Applications/XAMPP/xamppfiles/htdocs/erp.kamlen.com/erp/index.php(13): CApplication->run()
#11 {main}
REQUEST_URI=/
HTTP_REFERER=http://erp.kamlen.com/user/login
---
2012/09/14 02:28:10 [error] [exception.CHttpException.404] exception 'CHttpException' with message '无法解析请求 "favicon.ico"。' in /Applications/XAMPP/xamppfiles/htdocs/erp.kamlen.com/yii/framework/web/CWebApplication.php:287
Stack trace:
#0 /Applications/XAMPP/xamppfiles/htdocs/erp.kamlen.com/yii/framework/web/CWebApplication.php(142): CWebApplication->runController('favicon.ico')
#1 /Applications/XAMPP/xamppfiles/htdocs/erp.kamlen.com/yii/framework/base/CApplication.php(162): CWebApplication->processRequest()
#2 /Applications/XAMPP/xamppfiles/htdocs/erp.kamlen.com/erp/index.php(13): CApplication->run()
#3 {main}
REQUEST_URI=/favicon.ico
---
2012/09/14 02:28:18 [error] [exception.CHttpException.403] exception 'CHttpException' with message '您没有被授权执行该操作。' in /Applications/XAMPP/xamppfiles/htdocs/erp.kamlen.com/erp/protected/modules/rights/components/RController.php:62
Stack trace:
#0 /Applications/XAMPP/xamppfiles/htdocs/erp.kamlen.com/erp/protected/modules/rights/components/RightsFilter.php(57): RController->accessDenied()
#1 /Applications/XAMPP/xamppfiles/htdocs/erp.kamlen.com/yii/framework/web/filters/CFilter.php(39): RightsFilter->preFilter(Object(CFilterChain))
#2 /Applications/XAMPP/xamppfiles/htdocs/erp.kamlen.com/erp/protected/modules/rights/components/RController.php(36): CFilter->filter(Object(CFilterChain))
#3 /Applications/XAMPP/xamppfiles/htdocs/erp.kamlen.com/yii/framework/web/filters/CInlineFilter.php(59): RController->filterRights(Object(CFilterChain))
#4 /Applications/XAMPP/xamppfiles/htdocs/erp.kamlen.com/yii/framework/web/filters/CFilterChain.php(131): CInlineFilter->filter(Object(CFilterChain))
#5 /Applications/XAMPP/xamppfiles/htdocs/erp.kamlen.com/yii/framework/web/CController.php(292): CFilterChain->run()
#6 /Applications/XAMPP/xamppfiles/htdocs/erp.kamlen.com/yii/framework/web/CController.php(266): CController->runActionWithFilters(Object(CInlineAction), Array)
#7 /Applications/XAMPP/xamppfiles/htdocs/erp.kamlen.com/yii/framework/web/CWebApplication.php(283): CController->run('')
#8 /Applications/XAMPP/xamppfiles/htdocs/erp.kamlen.com/yii/framework/web/CWebApplication.php(142): CWebApplication->runController('')
#9 /Applications/XAMPP/xamppfiles/htdocs/erp.kamlen.com/yii/framework/base/CApplication.php(162): CWebApplication->processRequest()
#10 /Applications/XAMPP/xamppfiles/htdocs/erp.kamlen.com/erp/index.php(13): CApplication->run()
#11 {main}
REQUEST_URI=/
HTTP_REFERER=http://erp.kamlen.com/
---
2012/09/14 02:28:19 [error] [exception.CHttpException.404] exception 'CHttpException' with message '无法解析请求 "favicon.ico"。' in /Applications/XAMPP/xamppfiles/htdocs/erp.kamlen.com/yii/framework/web/CWebApplication.php:287
Stack trace:
#0 /Applications/XAMPP/xamppfiles/htdocs/erp.kamlen.com/yii/framework/web/CWebApplication.php(142): CWebApplication->runController('favicon.ico')
#1 /Applications/XAMPP/xamppfiles/htdocs/erp.kamlen.com/yii/framework/base/CApplication.php(162): CWebApplication->processRequest()
#2 /Applications/XAMPP/xamppfiles/htdocs/erp.kamlen.com/erp/index.php(13): CApplication->run()
#3 {main}
REQUEST_URI=/favicon.ico
---
2012/09/14 02:28:21 [error] [exception.CHttpException.404] exception 'CHttpException' with message '无法解析请求 "favicon.ico"。' in /Applications/XAMPP/xamppfiles/htdocs/erp.kamlen.com/yii/framework/web/CWebApplication.php:287
Stack trace:
#0 /Applications/XAMPP/xamppfiles/htdocs/erp.kamlen.com/yii/framework/web/CWebApplication.php(142): CWebApplication->runController('favicon.ico')
#1 /Applications/XAMPP/xamppfiles/htdocs/erp.kamlen.com/yii/framework/base/CApplication.php(162): CWebApplication->processRequest()
#2 /Applications/XAMPP/xamppfiles/htdocs/erp.kamlen.com/erp/index.php(13): CApplication->run()
#3 {main}
REQUEST_URI=/favicon.ico
---
2012/09/14 02:28:45 [error] [exception.CHttpException.404] exception 'CHttpException' with message '无法解析请求 "favicon.ico"。' in /Applications/XAMPP/xamppfiles/htdocs/erp.kamlen.com/yii/framework/web/CWebApplication.php:287
Stack trace:
#0 /Applications/XAMPP/xamppfiles/htdocs/erp.kamlen.com/yii/framework/web/CWebApplication.php(142): CWebApplication->runController('favicon.ico')
#1 /Applications/XAMPP/xamppfiles/htdocs/erp.kamlen.com/yii/framework/base/CApplication.php(162): CWebApplication->processRequest()
#2 /Applications/XAMPP/xamppfiles/htdocs/erp.kamlen.com/erp/index.php(13): CApplication->run()
#3 {main}
REQUEST_URI=/favicon.ico
---
2012/09/14 02:28:47 [error] [exception.CHttpException.404] exception 'CHttpException' with message '无法解析请求 "favicon.ico"。' in /Applications/XAMPP/xamppfiles/htdocs/erp.kamlen.com/yii/framework/web/CWebApplication.php:287
Stack trace:
#0 /Applications/XAMPP/xamppfiles/htdocs/erp.kamlen.com/yii/framework/web/CWebApplication.php(142): CWebApplication->runController('favicon.ico')
#1 /Applications/XAMPP/xamppfiles/htdocs/erp.kamlen.com/yii/framework/base/CApplication.php(162): CWebApplication->processRequest()
#2 /Applications/XAMPP/xamppfiles/htdocs/erp.kamlen.com/erp/index.php(13): CApplication->run()
#3 {main}
REQUEST_URI=/favicon.ico
---
2012/09/14 08:15:08 [error] [exception.CHttpException.404] exception 'CHttpException' with message '无法解析请求 "favicon.ico"。' in /Applications/XAMPP/xamppfiles/htdocs/erp.kamlen.com/yii/framework/web/CWebApplication.php:287
Stack trace:
#0 /Applications/XAMPP/xamppfiles/htdocs/erp.kamlen.com/yii/framework/web/CWebApplication.php(142): CWebApplication->runController('favicon.ico')
#1 /Applications/XAMPP/xamppfiles/htdocs/erp.kamlen.com/yii/framework/base/CApplication.php(162): CWebApplication->processRequest()
#2 /Applications/XAMPP/xamppfiles/htdocs/erp.kamlen.com/erp/index.php(13): CApplication->run()
#3 {main}
REQUEST_URI=/favicon.ico
---
2012/09/14 08:15:12 [error] [exception.CHttpException.404] exception 'CHttpException' with message '无法解析请求 "favicon.ico"。' in /Applications/XAMPP/xamppfiles/htdocs/erp.kamlen.com/yii/framework/web/CWebApplication.php:287
Stack trace:
#0 /Applications/XAMPP/xamppfiles/htdocs/erp.kamlen.com/yii/framework/web/CWebApplication.php(142): CWebApplication->runController('favicon.ico')
#1 /Applications/XAMPP/xamppfiles/htdocs/erp.kamlen.com/yii/framework/base/CApplication.php(162): CWebApplication->processRequest()
#2 /Applications/XAMPP/xamppfiles/htdocs/erp.kamlen.com/erp/index.php(13): CApplication->run()
#3 {main}
REQUEST_URI=/favicon.ico
---
2012/09/14 08:15:13 [error] [exception.CHttpException.404] exception 'CHttpException' with message '无法解析请求 "favicon.ico"。' in /Applications/XAMPP/xamppfiles/htdocs/erp.kamlen.com/yii/framework/web/CWebApplication.php:287
Stack trace:
#0 /Applications/XAMPP/xamppfiles/htdocs/erp.kamlen.com/yii/framework/web/CWebApplication.php(142): CWebApplication->runController('favicon.ico')
#1 /Applications/XAMPP/xamppfiles/htdocs/erp.kamlen.com/yii/framework/base/CApplication.php(162): CWebApplication->processRequest()
#2 /Applications/XAMPP/xamppfiles/htdocs/erp.kamlen.com/erp/index.php(13): CApplication->run()
#3 {main}
REQUEST_URI=/favicon.ico
---
2012/09/14 08:15:13 [error] [exception.CHttpException.404] exception 'CHttpException' with message '无法解析请求 "favicon.ico"。' in /Applications/XAMPP/xamppfiles/htdocs/erp.kamlen.com/yii/framework/web/CWebApplication.php:287
Stack trace:
#0 /Applications/XAMPP/xamppfiles/htdocs/erp.kamlen.com/yii/framework/web/CWebApplication.php(142): CWebApplication->runController('favicon.ico')
#1 /Applications/XAMPP/xamppfiles/htdocs/erp.kamlen.com/yii/framework/base/CApplication.php(162): CWebApplication->processRequest()
#2 /Applications/XAMPP/xamppfiles/htdocs/erp.kamlen.com/erp/index.php(13): CApplication->run()
#3 {main}
REQUEST_URI=/favicon.ico
---
2012/09/14 08:15:16 [error] [exception.CHttpException.404] exception 'CHttpException' with message '无法解析请求 "favicon.ico"。' in /Applications/XAMPP/xamppfiles/htdocs/erp.kamlen.com/yii/framework/web/CWebApplication.php:287
Stack trace:
#0 /Applications/XAMPP/xamppfiles/htdocs/erp.kamlen.com/yii/framework/web/CWebApplication.php(142): CWebApplication->runController('favicon.ico')
#1 /Applications/XAMPP/xamppfiles/htdocs/erp.kamlen.com/yii/framework/base/CApplication.php(162): CWebApplication->processRequest()
#2 /Applications/XAMPP/xamppfiles/htdocs/erp.kamlen.com/erp/index.php(13): CApplication->run()
#3 {main}
REQUEST_URI=/favicon.ico
---
2012/09/14 08:15:19 [error] [exception.CHttpException.404] exception 'CHttpException' with message '无法解析请求 "favicon.ico"。' in /Applications/XAMPP/xamppfiles/htdocs/erp.kamlen.com/yii/framework/web/CWebApplication.php:287
Stack trace:
#0 /Applications/XAMPP/xamppfiles/htdocs/erp.kamlen.com/yii/framework/web/CWebApplication.php(142): CWebApplication->runController('favicon.ico')
#1 /Applications/XAMPP/xamppfiles/htdocs/erp.kamlen.com/yii/framework/base/CApplication.php(162): CWebApplication->processRequest()
#2 /Applications/XAMPP/xamppfiles/htdocs/erp.kamlen.com/erp/index.php(13): CApplication->run()
#3 {main}
REQUEST_URI=/favicon.ico
---
2012/09/14 08:15:22 [error] [exception.CHttpException.404] exception 'CHttpException' with message '无法解析请求 "favicon.ico"。' in /Applications/XAMPP/xamppfiles/htdocs/erp.kamlen.com/yii/framework/web/CWebApplication.php:287
Stack trace:
#0 /Applications/XAMPP/xamppfiles/htdocs/erp.kamlen.com/yii/framework/web/CWebApplication.php(142): CWebApplication->runController('favicon.ico')
#1 /Applications/XAMPP/xamppfiles/htdocs/erp.kamlen.com/yii/framework/base/CApplication.php(162): CWebApplication->processRequest()
#2 /Applications/XAMPP/xamppfiles/htdocs/erp.kamlen.com/erp/index.php(13): CApplication->run()
#3 {main}
REQUEST_URI=/favicon.ico
---
2012/09/14 08:15:25 [error] [exception.CHttpException.404] exception 'CHttpException' with message '无法解析请求 "favicon.ico"。' in /Applications/XAMPP/xamppfiles/htdocs/erp.kamlen.com/yii/framework/web/CWebApplication.php:287
Stack trace:
#0 /Applications/XAMPP/xamppfiles/htdocs/erp.kamlen.com/yii/framework/web/CWebApplication.php(142): CWebApplication->runController('favicon.ico')
#1 /Applications/XAMPP/xamppfiles/htdocs/erp.kamlen.com/yii/framework/base/CApplication.php(162): CWebApplication->processRequest()
#2 /Applications/XAMPP/xamppfiles/htdocs/erp.kamlen.com/erp/index.php(13): CApplication->run()
#3 {main}
REQUEST_URI=/favicon.ico
---
2012/09/14 08:15:26 [error] [exception.CHttpException.404] exception 'CHttpException' with message '无法解析请求 "favicon.ico"。' in /Applications/XAMPP/xamppfiles/htdocs/erp.kamlen.com/yii/framework/web/CWebApplication.php:287
Stack trace:
#0 /Applications/XAMPP/xamppfiles/htdocs/erp.kamlen.com/yii/framework/web/CWebApplication.php(142): CWebApplication->runController('favicon.ico')
#1 /Applications/XAMPP/xamppfiles/htdocs/erp.kamlen.com/yii/framework/base/CApplication.php(162): CWebApplication->processRequest()
#2 /Applications/XAMPP/xamppfiles/htdocs/erp.kamlen.com/erp/index.php(13): CApplication->run()
#3 {main}
REQUEST_URI=/favicon.ico
---
2012/09/14 08:15:28 [error] [exception.CHttpException.404] exception 'CHttpException' with message '无法解析请求 "favicon.ico"。' in /Applications/XAMPP/xamppfiles/htdocs/erp.kamlen.com/yii/framework/web/CWebApplication.php:287
Stack trace:
#0 /Applications/XAMPP/xamppfiles/htdocs/erp.kamlen.com/yii/framework/web/CWebApplication.php(142): CWebApplication->runController('favicon.ico')
#1 /Applications/XAMPP/xamppfiles/htdocs/erp.kamlen.com/yii/framework/base/CApplication.php(162): CWebApplication->processRequest()
#2 /Applications/XAMPP/xamppfiles/htdocs/erp.kamlen.com/erp/index.php(13): CApplication->run()
#3 {main}
REQUEST_URI=/favicon.ico
---
2012/09/14 08:15:28 [error] [exception.CHttpException.404] exception 'CHttpException' with message '无法解析请求 "favicon.ico"。' in /Applications/XAMPP/xamppfiles/htdocs/erp.kamlen.com/yii/framework/web/CWebApplication.php:287
Stack trace:
#0 /Applications/XAMPP/xamppfiles/htdocs/erp.kamlen.com/yii/framework/web/CWebApplication.php(142): CWebApplication->runController('favicon.ico')
#1 /Applications/XAMPP/xamppfiles/htdocs/erp.kamlen.com/yii/framework/base/CApplication.php(162): CWebApplication->processRequest()
#2 /Applications/XAMPP/xamppfiles/htdocs/erp.kamlen.com/erp/index.php(13): CApplication->run()
#3 {main}
REQUEST_URI=/favicon.ico
---
2012/09/14 08:15:31 [error] [exception.CHttpException.404] exception 'CHttpException' with message '无法解析请求 "favicon.ico"。' in /Applications/XAMPP/xamppfiles/htdocs/erp.kamlen.com/yii/framework/web/CWebApplication.php:287
Stack trace:
#0 /Applications/XAMPP/xamppfiles/htdocs/erp.kamlen.com/yii/framework/web/CWebApplication.php(142): CWebApplication->runController('favicon.ico')
#1 /Applications/XAMPP/xamppfiles/htdocs/erp.kamlen.com/yii/framework/base/CApplication.php(162): CWebApplication->processRequest()
#2 /Applications/XAMPP/xamppfiles/htdocs/erp.kamlen.com/erp/index.php(13): CApplication->run()
#3 {main}
REQUEST_URI=/favicon.ico
---
2012/09/14 08:15:33 [error] [exception.CHttpException.404] exception 'CHttpException' with message '无法解析请求 "favicon.ico"。' in /Applications/XAMPP/xamppfiles/htdocs/erp.kamlen.com/yii/framework/web/CWebApplication.php:287
Stack trace:
#0 /Applications/XAMPP/xamppfiles/htdocs/erp.kamlen.com/yii/framework/web/CWebApplication.php(142): CWebApplication->runController('favicon.ico')
#1 /Applications/XAMPP/xamppfiles/htdocs/erp.kamlen.com/yii/framework/base/CApplication.php(162): CWebApplication->processRequest()
#2 /Applications/XAMPP/xamppfiles/htdocs/erp.kamlen.com/erp/index.php(13): CApplication->run()
#3 {main}
REQUEST_URI=/favicon.ico
---
2012/09/14 08:15:35 [error] [exception.CHttpException.404] exception 'CHttpException' with message '无法解析请求 "favicon.ico"。' in /Applications/XAMPP/xamppfiles/htdocs/erp.kamlen.com/yii/framework/web/CWebApplication.php:287
Stack trace:
#0 /Applications/XAMPP/xamppfiles/htdocs/erp.kamlen.com/yii/framework/web/CWebApplication.php(142): CWebApplication->runController('favicon.ico')
#1 /Applications/XAMPP/xamppfiles/htdocs/erp.kamlen.com/yii/framework/base/CApplication.php(162): CWebApplication->processRequest()
#2 /Applications/XAMPP/xamppfiles/htdocs/erp.kamlen.com/erp/index.php(13): CApplication->run()
#3 {main}
REQUEST_URI=/favicon.ico
---
2012/09/14 08:15:37 [error] [exception.CHttpException.404] exception 'CHttpException' with message '无法解析请求 "favicon.ico"。' in /Applications/XAMPP/xamppfiles/htdocs/erp.kamlen.com/yii/framework/web/CWebApplication.php:287
Stack trace:
#0 /Applications/XAMPP/xamppfiles/htdocs/erp.kamlen.com/yii/framework/web/CWebApplication.php(142): CWebApplication->runController('favicon.ico')
#1 /Applications/XAMPP/xamppfiles/htdocs/erp.kamlen.com/yii/framework/base/CApplication.php(162): CWebApplication->processRequest()
#2 /Applications/XAMPP/xamppfiles/htdocs/erp.kamlen.com/erp/index.php(13): CApplication->run()
#3 {main}
REQUEST_URI=/favicon.ico
---
2012/09/15 06:12:30 [error] [exception.CHttpException.404] exception 'CHttpException' with message '无法解析请求 "favicon.ico"。' in /Applications/XAMPP/xamppfiles/htdocs/erp.kamlen.com/yii/framework/web/CWebApplication.php:287
Stack trace:
#0 /Applications/XAMPP/xamppfiles/htdocs/erp.kamlen.com/yii/framework/web/CWebApplication.php(142): CWebApplication->runController('favicon.ico')
#1 /Applications/XAMPP/xamppfiles/htdocs/erp.kamlen.com/yii/framework/base/CApplication.php(162): CWebApplication->processRequest()
#2 /Applications/XAMPP/xamppfiles/htdocs/erp.kamlen.com/erp/index.php(13): CApplication->run()
#3 {main}
REQUEST_URI=/favicon.ico
---
2012/09/15 06:12:59 [error] [exception.CHttpException.404] exception 'CHttpException' with message '无法解析请求 "favicon.ico"。' in /Applications/XAMPP/xamppfiles/htdocs/erp.kamlen.com/yii/framework/web/CWebApplication.php:287
Stack trace:
#0 /Applications/XAMPP/xamppfiles/htdocs/erp.kamlen.com/yii/framework/web/CWebApplication.php(142): CWebApplication->runController('favicon.ico')
#1 /Applications/XAMPP/xamppfiles/htdocs/erp.kamlen.com/yii/framework/base/CApplication.php(162): CWebApplication->processRequest()
#2 /Applications/XAMPP/xamppfiles/htdocs/erp.kamlen.com/erp/index.php(13): CApplication->run()
#3 {main}
REQUEST_URI=/favicon.ico
---
2012/09/15 06:13:17 [error] [exception.CHttpException.404] exception 'CHttpException' with message '无法解析请求 "favicon.ico"。' in /Applications/XAMPP/xamppfiles/htdocs/erp.kamlen.com/yii/framework/web/CWebApplication.php:287
Stack trace:
#0 /Applications/XAMPP/xamppfiles/htdocs/erp.kamlen.com/yii/framework/web/CWebApplication.php(142): CWebApplication->runController('favicon.ico')
#1 /Applications/XAMPP/xamppfiles/htdocs/erp.kamlen.com/yii/framework/base/CApplication.php(162): CWebApplication->processRequest()
#2 /Applications/XAMPP/xamppfiles/htdocs/erp.kamlen.com/erp/index.php(13): CApplication->run()
#3 {main}
REQUEST_URI=/favicon.ico
---
2012/09/15 06:13:42 [error] [exception.CHttpException.404] exception 'CHttpException' with message '无法解析请求 "favicon.ico"。' in /Applications/XAMPP/xamppfiles/htdocs/erp.kamlen.com/yii/framework/web/CWebApplication.php:287
Stack trace:
#0 /Applications/XAMPP/xamppfiles/htdocs/erp.kamlen.com/yii/framework/web/CWebApplication.php(142): CWebApplication->runController('favicon.ico')
#1 /Applications/XAMPP/xamppfiles/htdocs/erp.kamlen.com/yii/framework/base/CApplication.php(162): CWebApplication->processRequest()
#2 /Applications/XAMPP/xamppfiles/htdocs/erp.kamlen.com/erp/index.php(13): CApplication->run()
#3 {main}
REQUEST_URI=/favicon.ico
---
2012/09/15 06:13:42 [error] [exception.CHttpException.404] exception 'CHttpException' with message '无法解析请求 "favicon.ico"。' in /Applications/XAMPP/xamppfiles/htdocs/erp.kamlen.com/yii/framework/web/CWebApplication.php:287
Stack trace:
#0 /Applications/XAMPP/xamppfiles/htdocs/erp.kamlen.com/yii/framework/web/CWebApplication.php(142): CWebApplication->runController('favicon.ico')
#1 /Applications/XAMPP/xamppfiles/htdocs/erp.kamlen.com/yii/framework/base/CApplication.php(162): CWebApplication->processRequest()
#2 /Applications/XAMPP/xamppfiles/htdocs/erp.kamlen.com/erp/index.php(13): CApplication->run()
#3 {main}
REQUEST_URI=/favicon.ico
---
2012/09/15 06:13:46 [error] [exception.CHttpException.404] exception 'CHttpException' with message '无法解析请求 "favicon.ico"。' in /Applications/XAMPP/xamppfiles/htdocs/erp.kamlen.com/yii/framework/web/CWebApplication.php:287
Stack trace:
#0 /Applications/XAMPP/xamppfiles/htdocs/erp.kamlen.com/yii/framework/web/CWebApplication.php(142): CWebApplication->runController('favicon.ico')
#1 /Applications/XAMPP/xamppfiles/htdocs/erp.kamlen.com/yii/framework/base/CApplication.php(162): CWebApplication->processRequest()
#2 /Applications/XAMPP/xamppfiles/htdocs/erp.kamlen.com/erp/index.php(13): CApplication->run()
#3 {main}
REQUEST_URI=/favicon.ico
---
